<?xml version="1.0" encoding="UTF-8"?>
<testsuite xmlns:xsi="http://www.w3.org/2001/XMLSchema-instance" xsi:noNamespaceSchemaLocation="https://maven.apache.org/surefire/maven-surefire-plugin/xsd/surefire-test-report-3.0.xsd" version="3.0" name="com.sap.cloud.security.spring.token.authentication.AuthenticationTokenTest" time="0.976" tests="1" errors="0" skipped="0" failures="0">
  <properties>
[...]
</properties>
  <testcase name="equals" classname="com.sap.cloud.security.spring.token.authentication.AuthenticationTokenTest" time="0.568">
    <system-out><![CDATA[20:55:44.450 [main] INFO com.sap.cloud.security.token.Token - loaded TokenFactory service providers: [com.sap.cloud.security.servlet.HybridTokenFactory@469d003c]
20:55:44.461 [main] DEBUG com.sap.cloud.security.xsuaa.jwt.Base64JwtDecoder$DecodedJwtImpl - Jwt header
	{"alg":"RS256","kid":"default-kid-ias"}
Jwt payload
	{"scim_id":"the-user-id","azp":"theClientId","cid":"theClientId","aud":"theClientId","user_uuid":"the-user-id","zone_uuid":"the-zone-id","exp":6974013600}

20:55:44.471 [main] DEBUG com.sap.cloud.security.xsuaa.jwt.Base64JwtDecoder$DecodedJwtImpl - Jwt header
	{"kid":"default-kid-ias","alg":"RS256"}
Jwt payload
	{"zone_uuid":"the-zone-id","user_uuid":"the-user-id","azp":"theClientId","aud":"theClientId","exp":6974013600,"cid":"theClientId","scim_id":"the-user-id"}

20:55:44.477 [main] DEBUG com.sap.cloud.security.xsuaa.jwt.Base64JwtDecoder$DecodedJwtImpl - Jwt header
	{"alg":"RS256","kid":"default-kid-ias"}
Jwt payload
	{"scim_id":"the-user-id","azp":"theClientId","cid":"theClientId","aud":"theClientId","user_uuid":"the-user-id","zone_uuid":"the-zone-id","exp":6974013600}

20:55:44.478 [main] DEBUG com.sap.cloud.security.xsuaa.jwt.Base64JwtDecoder$DecodedJwtImpl - Jwt header
	{"alg":"RS256","kid":"default-kid-ias"}
Jwt payload
	{"scim_id":"the-user-id","azp":"theClientId","cid":"theClientId","aud":"theClientId","user_uuid":"the-user-id","zone_uuid":"the-zone-id","exp":6974013600}

--------------------------------------1
20:55:44.484 [main] DEBUG com.sap.cloud.security.xsuaa.jwt.Base64JwtDecoder$DecodedJwtImpl - Jwt header
	{"kid":"default-kid-ias","alg":"RS256"}
Jwt payload
	{"zone_uuid":"the-zone-id","user_uuid":"the-user-id","azp":"theClientId","aud":"theClientId","exp":6974013600,"cid":"theClientId","scim_id":"the-user-id"}

--------------------------------------4
Jwt header
	{"alg":"RS256","kid":"default-kid-ias"}
Jwt payload
	{"scim_id":"the-user-id","azp":"theClientId","cid":"theClientId","aud":"theClientId","user_uuid":"the-user-id","zone_uuid":"the-zone-id","exp":6974013600}

Jwt header
	{"kid":"default-kid-ias","alg":"RS256"}
Jwt payload
	{"zone_uuid":"the-zone-id","user_uuid":"the-user-id","azp":"theClientId","aud":"theClientId","exp":6974013600,"cid":"theClientId","scim_id":"the-user-id"}

20:55:44.486 [main] DEBUG com.sap.cloud.security.xsuaa.jwt.Base64JwtDecoder$DecodedJwtImpl - Jwt header
	{"alg":"RS256","kid":"default-kid-ias"}
Jwt payload
	{"scim_id":"the-user-id","azp":"theClientId","cid":"theClientId","aud":"theClientId","user_uuid":"the-user-id","zone_uuid":"the-zone-id","exp":6974013600}

20:55:44.487 [main] DEBUG com.sap.cloud.security.xsuaa.jwt.Base64JwtDecoder$DecodedJwtImpl - Jwt header
	{"kid":"default-kid-ias","alg":"RS256"}
Jwt payload
	{"zone_uuid":"the-zone-id","user_uuid":"the-user-id","azp":"theClientId","aud":"theClientId","exp":6974013600,"cid":"theClientId","scim_id":"the-user-id"}

--------------------------------------4
Jwt header
	{"alg":"RS256","kid":"default-kid-ias"}
Jwt payload
	{"scim_id":"the-user-id","azp":"theClientId","cid":"theClientId","aud":"theClientId","user_uuid":"the-user-id","zone_uuid":"the-zone-id","exp":6974013600}

Jwt header
	{"kid":"default-kid-ias","alg":"RS256"}
Jwt payload
	{"zone_uuid":"the-zone-id","user_uuid":"the-user-id","azp":"theClientId","aud":"theClientId","exp":6974013600,"cid":"theClientId","scim_id":"the-user-id"}

20:55:44.488 [main] DEBUG com.sap.cloud.security.xsuaa.jwt.Base64JwtDecoder$DecodedJwtImpl - Jwt header
	{"alg":"RS256","kid":"default-kid-ias"}
Jwt payload
	{"scim_id":"the-user-id","azp":"theClientId","cid":"theClientId","aud":"theClientId","user_uuid":"the-user-id","zone_uuid":"the-zone-id","exp":6974013600}

--------------------------------------1
]]></system-out>
  </testcase>
</testsuite>