<?xml version="1.0" encoding="UTF-8"?>
<testsuite xmlns:xsi="http://www.w3.org/2001/XMLSchema-instance" xsi:noNamespaceSchemaLocation="https://maven.apache.org/surefire/maven-surefire-plugin/xsd/surefire-test-report-3.0.xsd" version="3.0" name="com.sap.cloud.security.spring.token.authentication.AuthenticationTokenTest" time="1.112" tests="1" errors="0" skipped="0" failures="1">
  <properties>
[...]
</properties>
  <testcase name="equals" classname="com.sap.cloud.security.spring.token.authentication.AuthenticationTokenTest" time="0.607">
    <failure message="expected: &lt;AuthenticationToken [Principal=Jwt header&#10;	{&quot;alg&quot;:&quot;RS256&quot;,&quot;kid&quot;:&quot;default-kid-ias&quot;}&#10;Jwt payload&#10;	{&quot;user_uuid&quot;:&quot;the-user-id&quot;,&quot;exp&quot;:6974013600,&quot;azp&quot;:&quot;theClientId&quot;,&quot;aud&quot;:&quot;theClientId&quot;,&quot;zone_uuid&quot;:&quot;the-zone-id&quot;,&quot;scim_id&quot;:&quot;the-user-id&quot;,&quot;cid&quot;:&quot;theClientId&quot;}&#10;, Credentials=[PROTECTED], Authenticated=true, Details=null, Granted Authorities=[]]&gt; but was: &lt;AuthenticationToken [Principal=Jwt header&#10;	{&quot;kid&quot;:&quot;default-kid-ias&quot;,&quot;alg&quot;:&quot;RS256&quot;}&#10;Jwt payload&#10;	{&quot;exp&quot;:6974013600,&quot;user_uuid&quot;:&quot;the-user-id&quot;,&quot;azp&quot;:&quot;theClientId&quot;,&quot;cid&quot;:&quot;theClientId&quot;,&quot;scim_id&quot;:&quot;the-user-id&quot;,&quot;aud&quot;:&quot;theClientId&quot;,&quot;zone_uuid&quot;:&quot;the-zone-id&quot;}&#10;, Credentials=[PROTECTED], Authenticated=true, Details=null, Granted Authorities=[]]&gt;" type="org.opentest4j.AssertionFailedError"><![CDATA[org.opentest4j.AssertionFailedError: 
expected: <AuthenticationToken [Principal=Jwt header
	{"alg":"RS256","kid":"default-kid-ias"}
Jwt payload
	{"user_uuid":"the-user-id","exp":6974013600,"azp":"theClientId","aud":"theClientId","zone_uuid":"the-zone-id","scim_id":"the-user-id","cid":"theClientId"}
, Credentials=[PROTECTED], Authenticated=true, Details=null, Granted Authorities=[]]]]><![CDATA[> but was: <AuthenticationToken [Principal=Jwt header
	{"kid":"default-kid-ias","alg":"RS256"}
Jwt payload
	{"exp":6974013600,"user_uuid":"the-user-id","azp":"theClientId","cid":"theClientId","scim_id":"the-user-id","aud":"theClientId","zone_uuid":"the-zone-id"}
, Credentials=[PROTECTED], Authenticated=true, Details=null, Granted Authorities=[]]]]><![CDATA[>
	at org.junit.jupiter.api.AssertionUtils.fail(AssertionUtils.java:55)
	at org.junit.jupiter.api.AssertionUtils.failNotEqual(AssertionUtils.java:62)
	at org.junit.jupiter.api.AssertEquals.assertEquals(AssertEquals.java:182)
	at org.junit.jupiter.api.AssertEquals.assertEquals(AssertEquals.java:177)
	at org.junit.jupiter.api.Assertions.assertEquals(Assertions.java:1141)
	at com.sap.cloud.security.spring.token.authentication.AuthenticationTokenTest.equals(AuthenticationTokenTest.java:41)
	at java.base/jdk.internal.reflect.NativeMethodAccessorImpl.invoke0(Native Method)
	at java.base/jdk.internal.reflect.NativeMethodAccessorImpl.invoke(NativeMethodAccessorImpl.java:62)
	at java.base/jdk.internal.reflect.DelegatingMethodAccessorImpl.invoke(DelegatingMethodAccessorImpl.java:43)
	at java.base/java.lang.reflect.Method.invoke(Method.java:566)
	at org.junit.platform.commons.util.ReflectionUtils.invokeMethod(ReflectionUtils.java:725)
	at org.junit.jupiter.engine.execution.MethodInvocation.proceed(MethodInvocation.java:60)
	at org.junit.jupiter.engine.execution.InvocationInterceptorChain$ValidatingInvocation.proceed(InvocationInterceptorChain.java:131)
	at org.junit.jupiter.engine.extension.TimeoutExtension.intercept(TimeoutExtension.java:149)
	at org.junit.jupiter.engine.extension.TimeoutExtension.interceptTestableMethod(TimeoutExtension.java:140)
	at org.junit.jupiter.engine.extension.TimeoutExtension.interceptTestMethod(TimeoutExtension.java:84)
	at org.junit.jupiter.engine.execution.ExecutableInvoker$ReflectiveInterceptorCall.lambda$ofVoidMethod$0(ExecutableInvoker.java:115)
	at org.junit.jupiter.engine.execution.ExecutableInvoker.lambda$invoke$0(ExecutableInvoker.java:105)
	at org.junit.jupiter.engine.execution.InvocationInterceptorChain$InterceptedInvocation.proceed(InvocationInterceptorChain.java:106)
	at org.junit.jupiter.engine.execution.InvocationInterceptorChain.proceed(InvocationInterceptorChain.java:64)
	at org.junit.jupiter.engine.execution.InvocationInterceptorChain.chainAndInvoke(InvocationInterceptorChain.java:45)
	at org.junit.jupiter.engine.execution.InvocationInterceptorChain.invoke(InvocationInterceptorChain.java:37)
	at org.junit.jupiter.engine.execution.ExecutableInvoker.invoke(ExecutableInvoker.java:104)
	at org.junit.jupiter.engine.execution.ExecutableInvoker.invoke(ExecutableInvoker.java:98)
	at org.junit.jupiter.engine.descriptor.TestMethodTestDescriptor.lambda$invokeTestMethod$7(TestMethodTestDescriptor.java:214)
	at org.junit.platform.engine.support.hierarchical.ThrowableCollector.execute(ThrowableCollector.java:73)
	at org.junit.jupiter.engine.descriptor.TestMethodTestDescriptor.invokeTestMethod(TestMethodTestDescriptor.java:210)
	at org.junit.jupiter.engine.descriptor.TestMethodTestDescriptor.execute(TestMethodTestDescriptor.java:135)
	at org.junit.jupiter.engine.descriptor.TestMethodTestDescriptor.execute(TestMethodTestDescriptor.java:66)
	at org.junit.platform.engine.support.hierarchical.NodeTestTask.lambda$executeRecursively$6(NodeTestTask.java:151)
	at org.junit.platform.engine.support.hierarchical.ThrowableCollector.execute(ThrowableCollector.java:73)
	at org.junit.platform.engine.support.hierarchical.NodeTestTask.lambda$executeRecursively$8(NodeTestTask.java:141)
	at org.junit.platform.engine.support.hierarchical.Node.around(Node.java:137)
	at org.junit.platform.engine.support.hierarchical.NodeTestTask.lambda$executeRecursively$9(NodeTestTask.java:139)
	at org.junit.platform.engine.support.hierarchical.ThrowableCollector.execute(ThrowableCollector.java:73)
	at org.junit.platform.engine.support.hierarchical.NodeTestTask.executeRecursively(NodeTestTask.java:138)
	at org.junit.platform.engine.support.hierarchical.NodeTestTask.execute(NodeTestTask.java:95)
	at java.base/java.util.ArrayList.forEach(ArrayList.java:1541)
	at org.junit.platform.engine.support.hierarchical.SameThreadHierarchicalTestExecutorService.invokeAll(SameThreadHierarchicalTestExecutorService.java:41)
	at org.junit.platform.engine.support.hierarchical.NodeTestTask.lambda$executeRecursively$6(NodeTestTask.java:155)
	at org.junit.platform.engine.support.hierarchical.ThrowableCollector.execute(ThrowableCollector.java:73)
	at org.junit.platform.engine.support.hierarchical.NodeTestTask.lambda$executeRecursively$8(NodeTestTask.java:141)
	at org.junit.platform.engine.support.hierarchical.Node.around(Node.java:137)
	at org.junit.platform.engine.support.hierarchical.NodeTestTask.lambda$executeRecursively$9(NodeTestTask.java:139)
	at org.junit.platform.engine.support.hierarchical.ThrowableCollector.execute(ThrowableCollector.java:73)
	at org.junit.platform.engine.support.hierarchical.NodeTestTask.executeRecursively(NodeTestTask.java:138)
	at org.junit.platform.engine.support.hierarchical.NodeTestTask.execute(NodeTestTask.java:95)
	at java.base/java.util.ArrayList.forEach(ArrayList.java:1541)
	at org.junit.platform.engine.support.hierarchical.SameThreadHierarchicalTestExecutorService.invokeAll(SameThreadHierarchicalTestExecutorService.java:41)
	at org.junit.platform.engine.support.hierarchical.NodeTestTask.lambda$executeRecursively$6(NodeTestTask.java:155)
	at org.junit.platform.engine.support.hierarchical.ThrowableCollector.execute(ThrowableCollector.java:73)
	at org.junit.platform.engine.support.hierarchical.NodeTestTask.lambda$executeRecursively$8(NodeTestTask.java:141)
	at org.junit.platform.engine.support.hierarchical.Node.around(Node.java:137)
	at org.junit.platform.engine.support.hierarchical.NodeTestTask.lambda$executeRecursively$9(NodeTestTask.java:139)
	at org.junit.platform.engine.support.hierarchical.ThrowableCollector.execute(ThrowableCollector.java:73)
	at org.junit.platform.engine.support.hierarchical.NodeTestTask.executeRecursively(NodeTestTask.java:138)
	at org.junit.platform.engine.support.hierarchical.NodeTestTask.execute(NodeTestTask.java:95)
	at org.junit.platform.engine.support.hierarchical.SameThreadHierarchicalTestExecutorService.submit(SameThreadHierarchicalTestExecutorService.java:35)
	at org.junit.platform.engine.support.hierarchical.HierarchicalTestExecutor.execute(HierarchicalTestExecutor.java:57)
	at org.junit.platform.engine.support.hierarchical.HierarchicalTestEngine.execute(HierarchicalTestEngine.java:54)
	at org.junit.platform.launcher.core.EngineExecutionOrchestrator.execute(EngineExecutionOrchestrator.java:107)
	at org.junit.platform.launcher.core.EngineExecutionOrchestrator.execute(EngineExecutionOrchestrator.java:88)
	at org.junit.platform.launcher.core.EngineExecutionOrchestrator.lambda$execute$0(EngineExecutionOrchestrator.java:54)
	at org.junit.platform.launcher.core.EngineExecutionOrchestrator.withInterceptedStreams(EngineExecutionOrchestrator.java:67)
	at org.junit.platform.launcher.core.EngineExecutionOrchestrator.execute(EngineExecutionOrchestrator.java:52)
	at org.junit.platform.launcher.core.DefaultLauncher.execute(DefaultLauncher.java:114)
	at org.junit.platform.launcher.core.DefaultLauncher.execute(DefaultLauncher.java:86)
	at org.junit.platform.launcher.core.DefaultLauncherSession$DelegatingLauncher.execute(DefaultLauncherSession.java:86)
	at org.apache.maven.surefire.junitplatform.LazyLauncher.execute(LazyLauncher.java:55)
	at org.apache.maven.surefire.junitplatform.JUnitPlatformProvider.execute(JUnitPlatformProvider.java:223)
	at org.apache.maven.surefire.junitplatform.JUnitPlatformProvider.invokeAllTests(JUnitPlatformProvider.java:175)
	at org.apache.maven.surefire.junitplatform.JUnitPlatformProvider.invoke(JUnitPlatformProvider.java:139)
	at org.apache.maven.surefire.booter.ForkedBooter.runSuitesInProcess(ForkedBooter.java:456)
	at org.apache.maven.surefire.booter.ForkedBooter.execute(ForkedBooter.java:169)
	at org.apache.maven.surefire.booter.ForkedBooter.run(ForkedBooter.java:595)
	at org.apache.maven.surefire.booter.ForkedBooter.main(ForkedBooter.java:581)
]]></failure>
    <system-out><![CDATA[20:54:31.836 [main] INFO com.sap.cloud.security.token.Token - loaded TokenFactory service providers: [com.sap.cloud.security.servlet.HybridTokenFactory@6b410923]
20:54:31.850 [main] DEBUG com.sap.cloud.security.xsuaa.jwt.Base64JwtDecoder$DecodedJwtImpl - Jwt header
	{"alg":"RS256","kid":"default-kid-ias"}
Jwt payload
	{"user_uuid":"the-user-id","exp":6974013600,"azp":"theClientId","aud":"theClientId","zone_uuid":"the-zone-id","scim_id":"the-user-id","cid":"theClientId"}

20:54:31.861 [main] DEBUG com.sap.cloud.security.xsuaa.jwt.Base64JwtDecoder$DecodedJwtImpl - Jwt header
	{"kid":"default-kid-ias","alg":"RS256"}
Jwt payload
	{"exp":6974013600,"user_uuid":"the-user-id","azp":"theClientId","cid":"theClientId","scim_id":"the-user-id","aud":"theClientId","zone_uuid":"the-zone-id"}

20:54:31.867 [main] DEBUG com.sap.cloud.security.xsuaa.jwt.Base64JwtDecoder$DecodedJwtImpl - Jwt header
	{"alg":"RS256","kid":"default-kid-ias"}
Jwt payload
	{"user_uuid":"the-user-id","exp":6974013600,"azp":"theClientId","aud":"theClientId","zone_uuid":"the-zone-id","scim_id":"the-user-id","cid":"theClientId"}

20:54:31.868 [main] DEBUG com.sap.cloud.security.xsuaa.jwt.Base64JwtDecoder$DecodedJwtImpl - Jwt header
	{"alg":"RS256","kid":"default-kid-ias"}
Jwt payload
	{"user_uuid":"the-user-id","exp":6974013600,"azp":"theClientId","aud":"theClientId","zone_uuid":"the-zone-id","scim_id":"the-user-id","cid":"theClientId"}

20:54:31.872 [main] DEBUG com.sap.cloud.security.xsuaa.jwt.Base64JwtDecoder$DecodedJwtImpl - Jwt header
	{"kid":"default-kid-ias","alg":"RS256"}
Jwt payload
	{"exp":6974013600,"user_uuid":"the-user-id","azp":"theClientId","cid":"theClientId","scim_id":"the-user-id","aud":"theClientId","zone_uuid":"the-zone-id"}

]]></system-out>
  </testcase>
</testsuite>